
--- 2025-02-14T22:04:57.140Z debug
🪵  Writing logs to "/home/runner/workspace/.config/.wrangler/logs/wrangler-2025-02-14_22-04-57_007.log"
---

--- 2025-02-14T22:04:57.140Z debug
Metrics dispatcher: Posting data {"deviceId":"5b2b334a-20e3-4711-8349-b9333d3dff5e","event":"wrangler command started","timestamp":1739570697140,"properties":{"amplitude_session_id":1739570697138,"amplitude_event_id":0,"wranglerVersion":"3.107.3","osPlatform":"Linux","osVersion":"#1-NixOS SMP PREEMPT_DYNAMIC Tue Jan  1 00:00:00 UTC 1980","nodeVersion":20,"packageManager":"npm","isFirstUsage":false,"configFileType":"none","isCI":false,"isPagesCI":false,"isWorkersCI":false,"isInteractive":true,"hasAssets":false,"argsUsed":[],"argsCombination":"","command":"wrangler pages deploy","args":{"xJsonConfig":true,"j":true,"noBundle":false,"uploadSourceMaps":false,"directory":"<REDACTED>"}}}
---

--- 2025-02-14T22:04:57.151Z debug
.env file not found at ".env". Continuing... For more details, refer to https://developers.cloudflare.com/workers/wrangler/system-environment-variables/
---

--- 2025-02-14T22:04:57.153Z log
Attempting to login via OAuth...
---

--- 2025-02-14T22:04:57.177Z log
Opening a link in your default browser: https://dash.cloudflare.com/oauth2/auth?response_type=code&client_id=54d11594-84e4-41aa-b438-e81b8fa78ee7&redirect_uri=http%3A%2F%2Flocalhost%3A8976%2Foauth%2Fcallback&scope=account%3Aread%20user%3Aread%20workers%3Awrite%20workers_kv%3Awrite%20workers_routes%3Awrite%20workers_scripts%3Awrite%20workers_tail%3Aread%20d1%3Awrite%20pages%3Awrite%20zone%3Aread%20ssl_certs%3Awrite%20ai%3Awrite%20queues%3Awrite%20pipelines%3Awrite%20offline_access&state=e~ZeQf07IoYTFv03uNi3Ce7buTJ0S5MR&code_challenge=9TU3J6TxYJJY0pfkBcUxPRMdD9YiNhCz7GGQwORv1gQ&code_challenge_method=S256
---

--- 2025-02-14T22:06:57.183Z log

---

--- 2025-02-14T22:06:57.229Z error
[31m✘ [41;31m[[41;97mERROR[41;31m][0m [1mTimed out waiting for authorization code, please try again.[0m


---

--- 2025-02-14T22:06:57.229Z debug
Error: Timed out waiting for authorization code, please try again.
    at Timeout.<anonymous> (/home/runner/workspace/node_modules/wrangler/wrangler-dist/cli.js:107795:9)
    at listOnTimeout (node:internal/timers:581:17)
    at process.processTimers (node:internal/timers:519:7)
---

--- 2025-02-14T22:06:57.230Z debug
Metrics dispatcher: Posting data {"deviceId":"5b2b334a-20e3-4711-8349-b9333d3dff5e","event":"wrangler command errored","timestamp":1739570817230,"properties":{"amplitude_session_id":1739570697138,"amplitude_event_id":1,"wranglerVersion":"3.107.3","osPlatform":"Linux","osVersion":"#1-NixOS SMP PREEMPT_DYNAMIC Tue Jan  1 00:00:00 UTC 1980","nodeVersion":20,"packageManager":"npm","isFirstUsage":false,"configFileType":"none","isCI":false,"isPagesCI":false,"isWorkersCI":false,"isInteractive":true,"hasAssets":false,"argsUsed":[],"argsCombination":"","command":"wrangler pages deploy","args":{"xJsonConfig":true,"j":true,"noBundle":false,"uploadSourceMaps":false,"directory":"<REDACTED>"},"durationMs":120110,"durationSeconds":120.11,"durationMinutes":2.0018333333333334,"errorType":"UserError"}}
---
